c:\users\тимофей\desktop\papka huyapka\programming\1  kurs\profession\lab7\weatherservice\weatherservice\x64\debug\vc143.pdb
c:\users\тимофей\desktop\papka huyapka\programming\1  kurs\profession\lab7\weatherservice\weatherservice\x64\debug\vc143.idb
c:\users\тимофей\desktop\papka huyapka\programming\1  kurs\profession\lab7\weatherservice\weatherservice\x64\debug\xmlservice.obj
c:\users\тимофей\desktop\papka huyapka\programming\1  kurs\profession\lab7\weatherservice\weatherservice\x64\debug\weatherservice.obj
c:\users\тимофей\desktop\papka huyapka\programming\1  kurs\profession\lab7\weatherservice\weatherservice\x64\debug\pugixml.obj
c:\users\тимофей\desktop\papka huyapka\programming\1  kurs\profession\lab7\weatherservice\x64\debug\weatherservice.pdb
c:\users\тимофей\desktop\papka huyapka\programming\1  kurs\profession\lab7\weatherservice\weatherservice\x64\debug\weatherservice.tlog\cl.command.1.tlog
c:\users\тимофей\desktop\papka huyapka\programming\1  kurs\profession\lab7\weatherservice\weatherservice\x64\debug\weatherservice.tlog\cl.read.1.tlog
c:\users\тимофей\desktop\papka huyapka\programming\1  kurs\profession\lab7\weatherservice\weatherservice\x64\debug\weatherservice.tlog\cl.write.1.tlog
c:\users\тимофей\desktop\papka huyapka\programming\1  kurs\profession\lab7\weatherservice\weatherservice\x64\debug\weatherservice.tlog\link-cvtres.read.1.tlog
c:\users\тимофей\desktop\papka huyapka\programming\1  kurs\profession\lab7\weatherservice\weatherservice\x64\debug\weatherservice.tlog\link-cvtres.write.1.tlog
c:\users\тимофей\desktop\papka huyapka\programming\1  kurs\profession\lab7\weatherservice\weatherservice\x64\debug\weatherservice.tlog\link-rc.read.1.tlog
c:\users\тимофей\desktop\papka huyapka\programming\1  kurs\profession\lab7\weatherservice\weatherservice\x64\debug\weatherservice.tlog\link-rc.write.1.tlog
c:\users\тимофей\desktop\papka huyapka\programming\1  kurs\profession\lab7\weatherservice\weatherservice\x64\debug\weatherservice.tlog\link.command.1.tlog
c:\users\тимофей\desktop\papka huyapka\programming\1  kurs\profession\lab7\weatherservice\weatherservice\x64\debug\weatherservice.tlog\link.read.1.tlog
c:\users\тимофей\desktop\papka huyapka\programming\1  kurs\profession\lab7\weatherservice\weatherservice\x64\debug\weatherservice.tlog\link.read.2.tlog
c:\users\тимофей\desktop\papka huyapka\programming\1  kurs\profession\lab7\weatherservice\weatherservice\x64\debug\weatherservice.tlog\link.read.3.tlog
c:\users\тимофей\desktop\papka huyapka\programming\1  kurs\profession\lab7\weatherservice\weatherservice\x64\debug\weatherservice.tlog\link.read.4.tlog
c:\users\тимофей\desktop\papka huyapka\programming\1  kurs\profession\lab7\weatherservice\weatherservice\x64\debug\weatherservice.tlog\link.read.5.tlog
c:\users\тимофей\desktop\papka huyapka\programming\1  kurs\profession\lab7\weatherservice\weatherservice\x64\debug\weatherservice.tlog\link.write.1.tlog
